{"/Users/okunishitaka/projects/coz-repo/coz-engine/ci/test.js":{"path":"/Users/okunishitaka/projects/coz-repo/coz-engine/ci/test.js","s":{"1":1,"2":1,"3":1,"4":1},"b":{},"f":{"1":1},"fnMap":{"1":{"name":"runNodeunit","line":15,"loc":{"start":{"line":15,"column":4},"end":{"line":15,"column":35}}}},"statementMap":{"1":{"start":{"line":9,"column":0},"end":{"line":9,"column":33}},"2":{"start":{"line":11,"column":0},"end":{"line":12,"column":40}},"3":{"start":{"line":14,"column":0},"end":{"line":18,"column":9}},"4":{"start":{"line":16,"column":8},"end":{"line":16,"column":59}}},"branchMap":{}},"/Users/okunishitaka/projects/coz-repo/coz-engine/lib/define.js":{"path":"/Users/okunishitaka/projects/coz-repo/coz-engine/lib/define.js","s":{"1":1,"2":1,"3":1,"4":1,"5":1,"6":1,"7":1,"8":1,"9":1,"10":1,"11":1,"12":1,"13":1,"14":1,"15":1},"b":{"1":[1,1]},"f":{"1":1,"2":1},"fnMap":{"1":{"name":"define","line":14,"loc":{"start":{"line":14,"column":0},"end":{"line":14,"column":28}}},"2":{"name":"(anonymous_2)","line":17,"loc":{"start":{"line":17,"column":24},"end":{"line":17,"column":36}}}},"statementMap":{"1":{"start":{"line":10,"column":0},"end":{"line":11,"column":31}},"2":{"start":{"line":14,"column":0},"end":{"line":34,"column":1}},"3":{"start":{"line":15,"column":4},"end":{"line":15,"column":50}},"4":{"start":{"line":17,"column":4},"end":{"line":20,"column":6}},"5":{"start":{"line":18,"column":8},"end":{"line":18,"column":21}},"6":{"start":{"line":19,"column":8},"end":{"line":19,"column":35}},"7":{"start":{"line":21,"column":4},"end":{"line":21,"column":35}},"8":{"start":{"line":23,"column":4},"end":{"line":23,"column":59}},"9":{"start":{"line":24,"column":4},"end":{"line":24,"column":57}},"10":{"start":{"line":26,"column":4},"end":{"line":26,"column":43}},"11":{"start":{"line":27,"column":4},"end":{"line":27,"column":66}},"12":{"start":{"line":29,"column":4},"end":{"line":29,"column":82}},"13":{"start":{"line":30,"column":4},"end":{"line":30,"column":69}},"14":{"start":{"line":33,"column":4},"end":{"line":33,"column":25}},"15":{"start":{"line":36,"column":0},"end":{"line":36,"column":24}}},"branchMap":{"1":{"line":27,"type":"binary-expr","locations":[{"start":{"line":27,"column":39},"end":{"line":27,"column":58}},{"start":{"line":27,"column":62},"end":{"line":27,"column":64}}]}}},"/Users/okunishitaka/projects/coz-repo/coz-engine/lib/engine.js":{"path":"/Users/okunishitaka/projects/coz-repo/coz-engine/lib/engine.js","s":{"1":1,"2":3,"3":3,"4":1,"5":4,"6":4,"7":4,"8":1,"9":1,"10":1,"11":1,"12":1,"13":0,"14":0,"15":4,"16":4,"17":4,"18":4,"19":3,"20":1,"21":4,"22":0,"23":0,"24":7,"25":7,"26":7,"27":3,"28":3,"29":6,"30":6,"31":3,"32":1},"b":{"1":[4,2],"2":[4,3],"3":[3,1],"4":[3,0]},"f":{"1":3,"2":4,"3":1,"4":0,"5":4,"6":0,"7":0,"8":7,"9":3},"fnMap":{"1":{"name":"Engine","line":12,"loc":{"start":{"line":12,"column":0},"end":{"line":12,"column":18}}},"2":{"name":"(anonymous_2)","line":43,"loc":{"start":{"line":43,"column":10},"end":{"line":43,"column":29}}},"3":{"name":"(anonymous_3)","line":56,"loc":{"start":{"line":56,"column":11},"end":{"line":56,"column":23}}},"4":{"name":"(anonymous_4)","line":68,"loc":{"start":{"line":68,"column":9},"end":{"line":68,"column":24}}},"5":{"name":"(anonymous_5)","line":82,"loc":{"start":{"line":82,"column":9},"end":{"line":82,"column":29}}},"6":{"name":"(anonymous_6)","line":100,"loc":{"start":{"line":100,"column":16},"end":{"line":100,"column":44}}},"7":{"name":"(anonymous_7)","line":110,"loc":{"start":{"line":110,"column":13},"end":{"line":110,"column":41}}},"8":{"name":"(anonymous_8)","line":131,"loc":{"start":{"line":131,"column":18},"end":{"line":131,"column":38}}},"9":{"name":"(anonymous_9)","line":142,"loc":{"start":{"line":142,"column":20},"end":{"line":142,"column":38}}}},"statementMap":{"1":{"start":{"line":12,"column":0},"end":{"line":15,"column":1}},"2":{"start":{"line":13,"column":4},"end":{"line":13,"column":17}},"3":{"start":{"line":14,"column":4},"end":{"line":14,"column":31}},"4":{"start":{"line":17,"column":0},"end":{"line":151,"column":2}},"5":{"start":{"line":44,"column":8},"end":{"line":44,"column":21}},"6":{"start":{"line":45,"column":8},"end":{"line":45,"column":32}},"7":{"start":{"line":46,"column":8},"end":{"line":46,"column":49}},"8":{"start":{"line":57,"column":8},"end":{"line":57,"column":21}},"9":{"start":{"line":58,"column":8},"end":{"line":58,"column":41}},"10":{"start":{"line":59,"column":8},"end":{"line":59,"column":39}},"11":{"start":{"line":60,"column":8},"end":{"line":60,"column":21}},"12":{"start":{"line":61,"column":8},"end":{"line":61,"column":21}},"13":{"start":{"line":69,"column":8},"end":{"line":69,"column":21}},"14":{"start":{"line":70,"column":8},"end":{"line":70,"column":22}},"15":{"start":{"line":83,"column":8},"end":{"line":83,"column":21}},"16":{"start":{"line":84,"column":8},"end":{"line":84,"column":29}},"17":{"start":{"line":85,"column":8},"end":{"line":85,"column":52}},"18":{"start":{"line":86,"column":8},"end":{"line":90,"column":9}},"19":{"start":{"line":87,"column":12},"end":{"line":87,"column":38}},"20":{"start":{"line":89,"column":12},"end":{"line":89,"column":37}},"21":{"start":{"line":91,"column":8},"end":{"line":91,"column":17}},"22":{"start":{"line":101,"column":8},"end":{"line":101,"column":63}},"23":{"start":{"line":111,"column":8},"end":{"line":111,"column":60}},"24":{"start":{"line":132,"column":8},"end":{"line":132,"column":21}},"25":{"start":{"line":133,"column":8},"end":{"line":133,"column":21}},"26":{"start":{"line":134,"column":8},"end":{"line":134,"column":17}},"27":{"start":{"line":143,"column":8},"end":{"line":144,"column":45}},"28":{"start":{"line":145,"column":8},"end":{"line":148,"column":9}},"29":{"start":{"line":146,"column":12},"end":{"line":146,"column":30}},"30":{"start":{"line":147,"column":12},"end":{"line":147,"column":45}},"31":{"start":{"line":149,"column":8},"end":{"line":149,"column":17}},"32":{"start":{"line":155,"column":0},"end":{"line":155,"column":24}}},"branchMap":{"1":{"line":45,"type":"binary-expr","locations":[{"start":{"line":45,"column":18},"end":{"line":45,"column":25}},{"start":{"line":45,"column":29},"end":{"line":45,"column":31}}]},"2":{"line":46,"type":"binary-expr","locations":[{"start":{"line":46,"column":20},"end":{"line":46,"column":35}},{"start":{"line":46,"column":39},"end":{"line":46,"column":48}}]},"3":{"line":86,"type":"if","locations":[{"start":{"line":86,"column":8},"end":{"line":86,"column":8}},{"start":{"line":86,"column":8},"end":{"line":86,"column":8}}]},"4":{"line":144,"type":"binary-expr","locations":[{"start":{"line":144,"column":31},"end":{"line":144,"column":37}},{"start":{"line":144,"column":41},"end":{"line":144,"column":43}}]}}},"/Users/okunishitaka/projects/coz-repo/coz-engine/lib/index.js":{"path":"/Users/okunishitaka/projects/coz-repo/coz-engine/lib/index.js","s":{"1":1,"2":1,"3":0,"4":1,"5":1,"6":1},"b":{},"f":{"1":0},"fnMap":{"1":{"name":"cozEngine","line":11,"loc":{"start":{"line":11,"column":0},"end":{"line":11,"column":31}}}},"statementMap":{"1":{"start":{"line":8,"column":0},"end":{"line":9,"column":33}},"2":{"start":{"line":11,"column":0},"end":{"line":13,"column":1}},"3":{"start":{"line":12,"column":4},"end":{"line":12,"column":30}},"4":{"start":{"line":15,"column":0},"end":{"line":15,"column":26}},"5":{"start":{"line":16,"column":0},"end":{"line":16,"column":26}},"6":{"start":{"line":18,"column":0},"end":{"line":18,"column":27}}},"branchMap":{}}}