TN:
SF:/Users/okunishitaka/projects/coz-repo/coz-engine/ci/test.js
FN:15,runNodeunit
FNF:1
FNH:1
FNDA:1,runNodeunit
DA:9,1
DA:11,1
DA:14,1
DA:16,1
LF:4
LH:4
BRF:0
BRH:0
end_of_record
TN:
SF:/Users/okunishitaka/projects/coz-repo/coz-engine/lib/define.js
FN:14,define
FN:17,(anonymous_2)
FNF:2
FNH:2
FNDA:1,define
FNDA:1,(anonymous_2)
DA:10,1
DA:14,1
DA:15,1
DA:17,1
DA:18,1
DA:19,1
DA:21,1
DA:23,1
DA:24,1
DA:26,1
DA:27,1
DA:29,1
DA:30,1
DA:33,1
DA:36,1
LF:15
LH:15
BRDA:27,1,0,1
BRDA:27,1,1,1
BRF:2
BRH:2
end_of_record
TN:
SF:/Users/okunishitaka/projects/coz-repo/coz-engine/lib/engine.js
FN:12,Engine
FN:43,(anonymous_2)
FN:56,(anonymous_3)
FN:68,(anonymous_4)
FN:82,(anonymous_5)
FN:100,(anonymous_6)
FN:110,(anonymous_7)
FN:131,(anonymous_8)
FN:142,(anonymous_9)
FNF:9
FNH:6
FNDA:3,Engine
FNDA:4,(anonymous_2)
FNDA:1,(anonymous_3)
FNDA:0,(anonymous_4)
FNDA:4,(anonymous_5)
FNDA:0,(anonymous_6)
FNDA:0,(anonymous_7)
FNDA:7,(anonymous_8)
FNDA:3,(anonymous_9)
DA:12,1
DA:13,3
DA:14,3
DA:17,1
DA:44,4
DA:45,4
DA:46,4
DA:57,1
DA:58,1
DA:59,1
DA:60,1
DA:61,1
DA:69,0
DA:70,0
DA:83,4
DA:84,4
DA:85,4
DA:86,4
DA:87,3
DA:89,1
DA:91,4
DA:101,0
DA:111,0
DA:132,7
DA:133,7
DA:134,7
DA:143,3
DA:145,3
DA:146,6
DA:147,6
DA:149,3
DA:155,1
LF:32
LH:28
BRDA:45,1,0,4
BRDA:45,1,1,2
BRDA:46,2,0,4
BRDA:46,2,1,3
BRDA:86,3,0,3
BRDA:86,3,1,1
BRDA:144,4,0,3
BRDA:144,4,1,0
BRF:8
BRH:7
end_of_record
TN:
SF:/Users/okunishitaka/projects/coz-repo/coz-engine/lib/index.js
FN:11,cozEngine
FNF:1
FNH:0
FNDA:0,cozEngine
DA:8,1
DA:11,1
DA:12,0
DA:15,1
DA:16,1
DA:18,1
LF:6
LH:5
BRF:0
BRH:0
end_of_record
